Phase 12 - Publish Changes to GitHub - Mon, Feb  2, 2026  9:24:14 PM
[STEP 0] Captured main HEAD and log
[STEP 0] Captured status
[STEP 0] Captured remotes
[STEP 0] Captured checkpoint tags
[STEP 0] Captured archive tags
[STEP 1] Ran git fsck
[STEP 1] Ran compileall
[STEP 1] Ran pytest quick
[STEP 2] Fetched from origin
[STEP 2] Computed divergence
[STEP 2] Captured origin/main head before push
[STEP 3] Pushed main to origin
[STEP 3] Captured origin/main head after push
[STEP 3] Captured status after push
[STEP 4] Verified checkpoint tag exists
[STEP 4] Verified archive tag exists
[STEP 4] Pushed checkpoint tag
[STEP 4] Pushed archive tag
[STEP 4] Listed remote tags
[STEP 4] Verified tags on remote
[STEP 5] Listed merged branches
[STEP 5] Deleted merged feature branch
[STEP 6] Created evidence zip bundle
