Merge made by the 'ort' strategy.
 plans/taskcards/INDEX.md                           |   4 +
 plans/taskcards/STATUS_BOARD.md                    |  14 +-
 plans/taskcards/TC-630_golden_capture_pilot_3d.md  | 142 +++++++++
 plans/taskcards/TC-631_offline_safe_pr_manager.md  | 319 ++++++++++++++++++++
 plans/taskcards/TC-632_pilot_3d_config_truth.md    | 195 ++++++++++++
 .../TC-633_taskcard_hygiene_tc630_tc632.md         | 330 +++++++++++++++++++++
 ...C-681_w4_template_driven_page_enumeration_3d.md |  97 ++++++
 .../20260129_213408_git_clone_failure.issue.json   |  17 ++
 reports/agents/VSCODE_AGENT/TC-633/report.md       | 157 ++++++++++
 reports/agents/VSCODE_AGENT/TC-633/self_review.md  | 140 +++++++++
 reports/swarm_allowed_paths_audit.md               |  16 +-
 src/launch/workers/w4_ia_planner/worker.py         |  41 ++-
 src/launch/workers/w9_pr_manager/worker.py         |  90 +++++-
 tests/unit/workers/test_tc_430_ia_planner.py       |   3 +-
 tests/unit/workers/test_tc_480_pr_manager.py       | 119 ++++++++
 .../workers/test_tc_681_w4_template_enumeration.py |  96 ++++++
 16 files changed, 1760 insertions(+), 20 deletions(-)
 create mode 100644 plans/taskcards/TC-630_golden_capture_pilot_3d.md
 create mode 100644 plans/taskcards/TC-631_offline_safe_pr_manager.md
 create mode 100644 plans/taskcards/TC-632_pilot_3d_config_truth.md
 create mode 100644 plans/taskcards/TC-633_taskcard_hygiene_tc630_tc632.md
 create mode 100644 plans/taskcards/TC-681_w4_template_driven_page_enumeration_3d.md
 create mode 100644 reports/agents/VSCODE_AGENT/TC-630/blockers/20260129_213408_git_clone_failure.issue.json
 create mode 100644 reports/agents/VSCODE_AGENT/TC-633/report.md
 create mode 100644 reports/agents/VSCODE_AGENT/TC-633/self_review.md
 create mode 100644 tests/unit/workers/test_tc_681_w4_template_enumeration.py
